The following modules were not unloaded:
  (Use "module --force purge" to unload all):

  1) lxp-tools/myquota/0.3.2

The following have been reloaded with a version change:
  1) binutils/2.40 => binutils/2.40-GCCcore-12.3.0

Warning: -fp-relaxed will override all instances of #pragma clang fp reassoc
Warning: Fast compile on S10 device family is preliminary and has limited support.
aoc: Selected target board package /apps/USE/easybuild/staging/2023.1/software/520nmx/20.4
aoc: Selected target board p520_hpc_m210h_g3x16
aoc: Running OpenCL parser....
aoc: OpenCL parser completed 
aoc: Linking Object files....
aoc: Adding Quartus fast-compile settings.
Warning: Circuit performance will be significantly degraded.
aoc: Optimizing and doing static analysis of code...
Compiler Warning: src/FBGABlas_kernels/fblas_kernels_direct.cl:12: declaring global arguments 'vector_x', 'vector_y' and 'out' with no 'restrict' may lead to low performance for kernel 'ddot'
Compiler Warning: src/FBGABlas_kernels/fblas_kernels_direct.cl:58: declaring global arguments 'vector_x', 'vector_y' and 'out' with no 'restrict' may lead to low performance for kernel 'daxpy'
Compiler Warning: src/FBGABlas_kernels/fblas_kernels_direct.cl:80: declaring global arguments 'A', 'x' and 'y' with no 'restrict' may lead to low performance for kernel 'dgemv'
src/FBGABlas_kernels/fblas_kernels_direct.cl:117: Compiler Warning: Loop Coalescing requested but cannot be done in kernel 'dgemv':
src/FBGABlas_kernels/fblas_kernels_direct.cl:119: Compiler Warning:  Inner loop failed to coalesce to parent because of loop structure

******* Error: Assert failure at /build/psgswbuild/nightly/20.4/72/l64/p4/acl/llvm-project/llvm/lib/Transforms/FPGATransforms/CreateStallFreeClusters.cpp(3589) *******
Returning II which was not checked.
it != checked_IIs.end() FAILED
PLEASE submit a bug report to https://software.intel.com/en-us/support/priority-support and include the crash backtrace.
Stack dump:
0.	Program arguments: /mnt/tier2/apps/USE/easybuild/staging/2023.1/software/ifpgasdk/20.4/hld/linux64/bin/../../llvm/bin/aocl-opt -march=fpga -O3 -board /apps/USE/easybuild/staging/2023.1/software/520nmx/20.4/hardware/p520_hpc_m210h_g3x16/board_spec.xml -fp-relaxed=true -dbg-info-enabled --soft-elementary-math=false -pass-remarks-output=pass-remarks.yaml fblas_kernels_direct.fpga.bc -o fblas_kernels_direct.kwgid.bc 
1.	Running pass 'Function Pass Manager' on module 'fblas_kernels_direct.fpga.bc'.
2.	Running pass 'identify clusters of logic which should form a stall free pipeline' on function '@daxpy'
/mnt/tier2/apps/USE/easybuild/staging/2023.1/software/ifpgasdk/20.4/hld/llvm/bin/../lib/libLLVM-11git.so(_ZN4llvm3sys15PrintStackTraceERNS_11raw_ostreamE+0x2a)[0x14d5752baf8a]
/mnt/tier2/apps/USE/easybuild/staging/2023.1/software/ifpgasdk/20.4/hld/llvm/bin/../lib/libLLVM-11git.so(_ZN4llvm3sys17RunSignalHandlersEv+0x34)[0x14d5752b87d4]
/mnt/tier2/apps/USE/easybuild/staging/2023.1/software/ifpgasdk/20.4/hld/llvm/bin/../lib/libLLVM-11git.so(+0xe3b923)[0x14d5752b8923]
/lib64/libpthread.so.0(+0x12cf0)[0x14d57426fcf0]
/lib64/libc.so.6(gsignal+0x10f)[0x14d570d84acf]
/lib64/libc.so.6(abort+0x127)[0x14d570d57ea5]
/mnt/tier2/apps/USE/easybuild/staging/2023.1/software/ifpgasdk/20.4/hld/llvm/bin/../lib/libLLVM-11git.so(_ZN3acl14CreateSFCUtils15BBILPClustering10estimateIIEbi+0x2ad)[0x14d576b37c8d]
/mnt/tier2/apps/USE/easybuild/staging/2023.1/software/ifpgasdk/20.4/hld/llvm/bin/../lib/libLLVM-11git.so(_ZN3acl14CreateSFCUtils15BBILPClustering24validatePostClusteringIIEv+0x187)[0x14d576b38477]
/mnt/tier2/apps/USE/easybuild/staging/2023.1/software/ifpgasdk/20.4/hld/llvm/bin/../lib/libLLVM-11git.so(_ZN3acl14CreateSFCUtils15BBILPClustering3runEv+0x53f)[0x14d576b3c19f]
/mnt/tier2/apps/USE/easybuild/staging/2023.1/software/ifpgasdk/20.4/hld/llvm/bin/../lib/libLLVM-11git.so(_ZN3acl23CreateStallFreeClusters13buildClustersEv+0x1c3)[0x14d576b3c903]
/mnt/tier2/apps/USE/easybuild/staging/2023.1/software/ifpgasdk/20.4/hld/llvm/bin/../lib/libLLVM-11git.so(_ZN3acl23CreateStallFreeClusters29CreateStallFreeClustersDriverEv+0x71)[0x14d576b3cb31]
/mnt/tier2/apps/USE/easybuild/staging/2023.1/software/ifpgasdk/20.4/hld/llvm/bin/../lib/libLLVM-11git.so(_ZN3acl33CreateStallFreeClustersLegacyPass13runOnFunctionERN4llvm8FunctionE+0x877)[0x14d576b3dda7]
/mnt/tier2/apps/USE/easybuild/staging/2023.1/software/ifpgasdk/20.4/hld/llvm/bin/../lib/libLLVM-11git.so(_ZN4llvm13FPPassManager13runOnFunctionERNS_8FunctionE+0x3b2)[0x14d575419342]
/mnt/tier2/apps/USE/easybuild/staging/2023.1/software/ifpgasdk/20.4/hld/llvm/bin/../lib/libLLVM-11git.so(_ZN4llvm13FPPassManager11runOnModuleERNS_6ModuleE+0x39)[0x14d57541a079]
/mnt/tier2/apps/USE/easybuild/staging/2023.1/software/ifpgasdk/20.4/hld/llvm/bin/../lib/libLLVM-11git.so(_ZN4llvm6legacy15PassManagerImpl3runERNS_6ModuleE+0x412)[0x14d57541a4e2]
/mnt/tier2/apps/USE/easybuild/staging/2023.1/software/ifpgasdk/20.4/hld/linux64/bin/../../llvm/bin/aocl-opt(main+0x1afb)[0x559dc711467b]
/lib64/libc.so.6(__libc_start_main+0xe5)[0x14d570d70d85]
/mnt/tier2/apps/USE/easybuild/staging/2023.1/software/ifpgasdk/20.4/hld/linux64/bin/../../llvm/bin/aocl-opt(+0x207a9)[0x559dc71157a9]
Error: Optimizer FAILED.
Refer to fblas_kernels_direct.fpga/fblas_kernels_direct.log for details.


real	3m57.813s
user	2m52.409s
sys	0m4.618s
