
Using device: p520_hpc_m210h_g3x16 : BittWare Stratix 10 MX OpenCL platform (aclbitt_s10mx_pcie0)
19.074 sN: 1000
676.708 ms
676.612 ms
675.676 ms
675.962 ms
674.468 ms
673.518 ms
673.325 ms
673.298 ms
673.627 ms
673.636 ms
673.748 ms
674.047 ms
681.67 ms
674.963 ms
673.333 ms
852.564 ms
675.803 ms
673.175 ms
671.978 ms
672.171 ms
672.624 ms
672.161 ms
672.243 ms
672.465 ms
672.34 ms
672.757 ms
672.42 ms
672.382 ms
672.757 ms
673.465 ms
N: 2000
1.72035 s
1.65476 s
1.65622 s
1.65522 s
1.67247 s
1.6614 s
1.82081 s
1.65953 s
1.65683 s
1.65392 s
1.66895 s
1.65871 s
1.69917 s
1.65927 s
1.66148 s
1.65771 s
1.6579 s
1.65612 s
1.69889 s
1.66307 s
1.66241 s
1.65846 s
1.65473 s
1.67581 s
1.66024 s
1.6571 s
1.65606 s
1.65583 s
1.66948 s
1.75176 s
N: 3000
3.23402 s
3.23003 s
3.34169 s
3.23081 s
3.22693 s
3.22246 s
3.29778 s
3.22868 s
3.23358 s
3.22416 s
3.23211 s
3.23307 s
3.25825 s
3.23707 s
3.2345 s
3.32415 s
3.22965 s
3.24272 s
3.32267 s
3.22752 s
3.23822 s
3.23381 s
3.23372 s
3.25465 s
3.34821 s
3.20877 s
3.21301 s
3.39183 s
3.23893 s
3.23621 s
N: 4000
5.16394 s
5.24362 s
5.15836 s
5.22601 s
5.16557 s
5.20913 s
5.15839 s
5.19873 s
5.15892 s
5.25909 s
5.16627 s
5.20174 s
5.1624 s
5.17967 s
5.1645 s
5.16335 s
5.19443 s
5.27168 s
5.17428 s
5.1822 s
5.16162 s
5.36414 s
5.16272 s
5.16718 s
5.21919 s
5.16423 s
5.19112 s
5.16672 s
5.27452 s
5.17462 s
N: 5000
8.35077 s
8.53173 s
8.3508 s
8.38705 s
8.35004 s
8.33969 s
8.46247 s
8.395 s
8.45305 s
8.39832 s
8.41988 s
8.36707 s
8.37299 s
8.4531 s
8.39797 s
8.34838 s
8.43052 s
8.37521 s
8.35136 s
8.35845 s
8.35342 s
8.39334 s
8.42421 s
8.3868 s
8.34449 s
8.38129 s
8.45266 s
8.46778 s
8.39564 s
8.37243 s
N: 6000
11.6701 s
11.6971 s
11.6604 s
11.7718 s
11.7432 s
11.6838 s
11.6694 s
11.6416 s
11.7346 s
11.6578 s
11.7472 s
11.7059 s
11.6639 s
11.6689 s
11.7778 s
11.6764 s
11.7428 s
11.6787 s
11.6779 s
11.6887 s
11.7483 s
11.7144 s
11.7086 s
11.6595 s
11.7418 s
11.7338 s
11.744 s
11.6967 s
11.6289 s
11.6986 s
N: 7000
16.0859 s
16.0491 s
16.1456 s
16.1154 s
16.1012 s
16.0442 s
16.0489 s
16.2332 s
16.107 s
16.0584 s
16.1117 s
16.1194 s
16.2096 s
16.051 s
16.123 s
16.2441 s
16.1186 s
16.11 s
16.0578 s
16 s
16.1629 s
16.1269 s
16.0704 s
16.1193 s
15.9985 s
16.0865 s
16.0264 s
15.9991 s
16.1082 s
16.0497 s
N: 8000
17.3871 s
17.4601 s
17.3789 s
17.4766 s
17.3463 s
17.4143 s
17.3742 s
17.3688 s
17.3937 s
17.3317 s
17.3278 s
17.5419 s
17.4368 s
17.3043 s
17.4041 s
17.4197 s
17.4763 s
17.3693 s
17.413 s
17.398 s
17.4194 s
17.4945 s
17.4113 s
17.3402 s
17.4393 s
17.4264 s
17.3906 s
17.36 s
17.3571 s
17.4129 s
