/apps/USE/easybuild/staging/2023.1/software/OpenMPI/5.0.0-GCC-12.3.0/bin:/apps/USE/easybuild/staging/2023.1/software/intel-compilers/2023.1.0/compiler/2023.1.0/linux/lib/oclfpga/bin:/apps/USE/easybuild/staging/2023.1/software/impi/2021.9.0-intel-compilers-2023.1.0/mpi/2021.9.0/libfabric/bin:/apps/USE/easybuild/staging/2023.1/software/impi/2021.9.0-intel-compilers-2023.1.0/mpi/2021.9.0/bin:/apps/USE/easybuild/staging/2023.1/software/UCC/1.2.0-GCCcore-12.3.0/bin:/apps/USE/easybuild/staging/2023.1/software/PMIx/4.2.6-GCCcore-12.3.0/bin:/apps/USE/easybuild/staging/2023.1/software/libfabric/1.18.0-GCCcore-12.3.0/bin:/apps/USE/easybuild/staging/2023.1/software/UCX/1.14.1-GCCcore-12.3.0/bin:/apps/USE/easybuild/staging/2023.1/software/libevent/2.1.12-GCCcore-12.3.0/bin:/apps/USE/easybuild/staging/2023.1/software/hwloc/2.9.1-GCCcore-12.3.0/sbin:/apps/USE/easybuild/staging/2023.1/software/hwloc/2.9.1-GCCcore-12.3.0/bin:/apps/USE/easybuild/staging/2023.1/software/libxml2/2.11.4-GCCcore-12.3.0/bin:/apps/USE/easybuild/staging/2023.1/software/numactl/2.0.16-GCCcore-12.3.0/bin:/apps/USE/easybuild/staging/2023.1/software/intel-compilers/2023.1.0/compiler/2023.1.0/linux/bin/intel64:/apps/USE/easybuild/staging/2023.1/software/intel-compilers/2023.1.0/compiler/2023.1.0/linux/bin:/apps/USE/easybuild/staging/2023.1/software/binutils/2.40-GCCcore-12.3.0/bin:/apps/USE/easybuild/staging/2023.1/software/ifpgasdk/20.4:/apps/USE/easybuild/staging/2023.1/software/ifpgasdk/20.4/qsys/bin:/apps/USE/easybuild/staging/2023.1/software/ifpgasdk/20.4/nios2eds/bin/gnu/H-x86_64-pc-linux-gnu/bin:/apps/USE/easybuild/staging/2023.1/software/ifpgasdk/20.4/nios2eds/bin:/apps/USE/easybuild/staging/2023.1/software/ifpgasdk/20.4/quartus/sopc_builder/bin:/apps/USE/easybuild/staging/2023.1/software/ifpgasdk/20.4/quartus/bin:/apps/USE/easybuild/staging/2023.1/software/ncurses/5.9/bin:/apps/USE/easybuild/staging/2023.1/software/CMake/3.26.3-GCCcore-12.3.0/bin:/apps/USE/easybuild/staging/2023.1/software/libarchive/3.6.2-GCCcore-12.3.0/bin:/apps/USE/easybuild/staging/2023.1/software/XZ/5.4.2-GCCcore-12.3.0/bin:/apps/USE/easybuild/staging/2023.1/software/cURL/8.0.1-GCCcore-12.3.0/bin:/apps/USE/easybuild/staging/2023.1/software/OpenSSL/1.1/bin:/apps/USE/easybuild/staging/2023.1/software/bzip2/1.0.8-GCCcore-12.3.0/bin:/apps/USE/easybuild/staging/2023.1/software/GCCcore/12.3.0/bin:/opt/software/xxl/run:/specific/bin:/apps/installs/software/myquota/0.3.2/bin:/home/users/u101373/.local/bin:/home/users/u101373/bin:/usr/local/bin:/usr/bin:/usr/local/sbin:/usr/sbin:/opt/software/xxl/system:/opt/software/xxl/fs
[ 16%] To compile manually:
icpx -fsycl -fintelfpga -Wall -qactypes -DFPGA_HARDWARE -c ../../challenge/home/users/u101373/CG-FPGA/challenge/src/cgcore/strategy/fpga/Fpga_CG.cpp -o CMakeFiles/fpga.dir/home/users/u101373/CG-FPGA/challenge/src/cgcore/strategy/fpga/Fpga_CG.cpp.o
icpx -fsycl -fintelfpga -Wall -qactypes -DFPGA_HARDWARE -c ../../challenge/home/users/u101373/CG-FPGA/challenge/src/cgcore/strategy/sequential/Sequential_CG.cpp -o CMakeFiles/fpga.dir/home/users/u101373/CG-FPGA/challenge/src/cgcore/strategy/sequential/Sequential_CG.cpp.o
icpx -fsycl -fintelfpga -Wall -qactypes -DFPGA_HARDWARE -c ../../challenge/home/users/u101373/CG-FPGA/challenge/src/cgcore/timer/Timer.cpp -o CMakeFiles/fpga.dir/home/users/u101373/CG-FPGA/challenge/src/cgcore/timer/Timer.cpp.o
icpx -fsycl -fintelfpga -Wall -qactypes -DFPGA_HARDWARE -c ../../challenge/home/users/u101373/CG-FPGA/challenge/src/cgcore/utils/utils.cpp -o CMakeFiles/fpga.dir/home/users/u101373/CG-FPGA/challenge/src/cgcore/utils/utils.cpp.o

To link manually:
icpx -fsycl -fintelfpga -qactypes -Xshardware -Xstarget=p520_hpc_m210h_g3x16 -reuse-exe=/home/users/u101373/CG-FPGA/build/test/cg_test -o CG_CORE.fpga CMakeFiles/fpga.dir/home/users/u101373/CG-FPGA/challenge/src/cgcore/strategy/fpga/Fpga_CG.cpp.o CMakeFiles/fpga.dir/home/users/u101373/CG-FPGA/challenge/src/cgcore/strategy/sequential/Sequential_CG.cpp.o CMakeFiles/fpga.dir/home/users/u101373/CG-FPGA/challenge/src/cgcore/timer/Timer.cpp.o CMakeFiles/fpga.dir/home/users/u101373/CG-FPGA/challenge/src/cgcore/utils/utils.cpp.o
[ 16%] Built target displayFPGACompileCommands
[100%] Built target fpga

real	0m0.939s
user	0m0.049s
sys	0m0.485s
[  9%] Built target gtest
[ 18%] Built target gmock
[ 27%] Built target gmock_main
[ 36%] Built target gtest_main
[ 40%] To compile manually:
icpx -fsycl -fintelfpga -Wall -qactypes -DFPGA_EMULATOR -c ../../challenge/home/users/u101373/CG-FPGA/challenge/src/cgcore/strategy/fpga/Fpga_CG.cpp -o CMakeFiles/fpga_emu.dir/home/users/u101373/CG-FPGA/challenge/src/cgcore/strategy/fpga/Fpga_CG.cpp.o
icpx -fsycl -fintelfpga -Wall -qactypes -DFPGA_EMULATOR -c ../../challenge/home/users/u101373/CG-FPGA/challenge/src/cgcore/strategy/sequential/Sequential_CG.cpp -o CMakeFiles/fpga_emu.dir/home/users/u101373/CG-FPGA/challenge/src/cgcore/strategy/sequential/Sequential_CG.cpp.o
icpx -fsycl -fintelfpga -Wall -qactypes -DFPGA_EMULATOR -c ../../challenge/home/users/u101373/CG-FPGA/challenge/src/cgcore/timer/Timer.cpp -o CMakeFiles/fpga_emu.dir/home/users/u101373/CG-FPGA/challenge/src/cgcore/timer/Timer.cpp.o
icpx -fsycl -fintelfpga -Wall -qactypes -DFPGA_EMULATOR -c ../../challenge/home/users/u101373/CG-FPGA/challenge/src/cgcore/utils/utils.cpp -o CMakeFiles/fpga_emu.dir/home/users/u101373/CG-FPGA/challenge/src/cgcore/utils/utils.cpp.o

To link manually:
icpx -fsycl -fintelfpga -qactypes -o CG_CORE.fpga_emu CMakeFiles/fpga_emu.dir/home/users/u101373/CG-FPGA/challenge/src/cgcore/strategy/fpga/Fpga_CG.cpp.o CMakeFiles/fpga_emu.dir/home/users/u101373/CG-FPGA/challenge/src/cgcore/strategy/sequential/Sequential_CG.cpp.o CMakeFiles/fpga_emu.dir/home/users/u101373/CG-FPGA/challenge/src/cgcore/timer/Timer.cpp.o CMakeFiles/fpga_emu.dir/home/users/u101373/CG-FPGA/challenge/src/cgcore/utils/utils.cpp.o
[ 40%] Built target displayEmulationCompileCommands
[ 63%] Built target fpga_emu
[ 68%] To compile manually:
icpx -fsycl -fintelfpga -Wall -qactypes -DFPGA_HARDWARE -c ../../challenge/home/users/u101373/CG-FPGA/challenge/src/cgcore/strategy/fpga/Fpga_CG.cpp -o CMakeFiles/fpga.dir/home/users/u101373/CG-FPGA/challenge/src/cgcore/strategy/fpga/Fpga_CG.cpp.o
icpx -fsycl -fintelfpga -Wall -qactypes -DFPGA_HARDWARE -c ../../challenge/home/users/u101373/CG-FPGA/challenge/src/cgcore/strategy/sequential/Sequential_CG.cpp -o CMakeFiles/fpga.dir/home/users/u101373/CG-FPGA/challenge/src/cgcore/strategy/sequential/Sequential_CG.cpp.o
icpx -fsycl -fintelfpga -Wall -qactypes -DFPGA_HARDWARE -c ../../challenge/home/users/u101373/CG-FPGA/challenge/src/cgcore/timer/Timer.cpp -o CMakeFiles/fpga.dir/home/users/u101373/CG-FPGA/challenge/src/cgcore/timer/Timer.cpp.o
icpx -fsycl -fintelfpga -Wall -qactypes -DFPGA_HARDWARE -c ../../challenge/home/users/u101373/CG-FPGA/challenge/src/cgcore/utils/utils.cpp -o CMakeFiles/fpga.dir/home/users/u101373/CG-FPGA/challenge/src/cgcore/utils/utils.cpp.o

To link manually:
icpx -fsycl -fintelfpga -qactypes -Xshardware -Xstarget=p520_hpc_m210h_g3x16 -reuse-exe=/home/users/u101373/CG-FPGA/build/test/cg_test -o CG_CORE.fpga CMakeFiles/fpga.dir/home/users/u101373/CG-FPGA/challenge/src/cgcore/strategy/fpga/Fpga_CG.cpp.o CMakeFiles/fpga.dir/home/users/u101373/CG-FPGA/challenge/src/cgcore/strategy/sequential/Sequential_CG.cpp.o CMakeFiles/fpga.dir/home/users/u101373/CG-FPGA/challenge/src/cgcore/timer/Timer.cpp.o CMakeFiles/fpga.dir/home/users/u101373/CG-FPGA/challenge/src/cgcore/utils/utils.cpp.o
[ 68%] Built target displayFPGACompileCommands
[ 90%] Built target fpga
[ 95%] Linking CXX executable cg_test
Fpga_CG.cpp:171: Compiler Warning: Memory instruction with unresolved pointer may lead to bad QoR.
Fpga_CG.cpp:35: Compiler Warning: Memory instruction with unresolved pointer may lead to bad QoR.
Fpga_CG.cpp:91: Compiler Warning: Memory instruction with unresolved pointer may lead to bad QoR.
Saving target image to "/tmp/cg_test-e48d6b-ea61c7/extract/aocx.0"
[100%] Built target cg_test

real	3m39.614s
user	0m55.884s
sys	0m47.515s
