/apps/USE/easybuild/staging/2023.1/software/OpenMPI/5.0.0-GCC-12.3.0/bin:/apps/USE/easybuild/staging/2023.1/software/intel-compilers/2023.1.0/compiler/2023.1.0/linux/lib/oclfpga/bin:/apps/USE/easybuild/staging/2023.1/software/impi/2021.9.0-intel-compilers-2023.1.0/mpi/2021.9.0/libfabric/bin:/apps/USE/easybuild/staging/2023.1/software/impi/2021.9.0-intel-compilers-2023.1.0/mpi/2021.9.0/bin:/apps/USE/easybuild/staging/2023.1/software/UCC/1.2.0-GCCcore-12.3.0/bin:/apps/USE/easybuild/staging/2023.1/software/PMIx/4.2.6-GCCcore-12.3.0/bin:/apps/USE/easybuild/staging/2023.1/software/libfabric/1.18.0-GCCcore-12.3.0/bin:/apps/USE/easybuild/staging/2023.1/software/UCX/1.14.1-GCCcore-12.3.0/bin:/apps/USE/easybuild/staging/2023.1/software/libevent/2.1.12-GCCcore-12.3.0/bin:/apps/USE/easybuild/staging/2023.1/software/hwloc/2.9.1-GCCcore-12.3.0/sbin:/apps/USE/easybuild/staging/2023.1/software/hwloc/2.9.1-GCCcore-12.3.0/bin:/apps/USE/easybuild/staging/2023.1/software/libxml2/2.11.4-GCCcore-12.3.0/bin:/apps/USE/easybuild/staging/2023.1/software/numactl/2.0.16-GCCcore-12.3.0/bin:/apps/USE/easybuild/staging/2023.1/software/intel-compilers/2023.1.0/compiler/2023.1.0/linux/bin/intel64:/apps/USE/easybuild/staging/2023.1/software/intel-compilers/2023.1.0/compiler/2023.1.0/linux/bin:/apps/USE/easybuild/staging/2023.1/software/binutils/2.40-GCCcore-12.3.0/bin:/apps/USE/easybuild/staging/2023.1/software/ifpgasdk/20.4:/apps/USE/easybuild/staging/2023.1/software/ifpgasdk/20.4/qsys/bin:/apps/USE/easybuild/staging/2023.1/software/ifpgasdk/20.4/nios2eds/bin/gnu/H-x86_64-pc-linux-gnu/bin:/apps/USE/easybuild/staging/2023.1/software/ifpgasdk/20.4/nios2eds/bin:/apps/USE/easybuild/staging/2023.1/software/ifpgasdk/20.4/quartus/sopc_builder/bin:/apps/USE/easybuild/staging/2023.1/software/ifpgasdk/20.4/quartus/bin:/apps/USE/easybuild/staging/2023.1/software/ncurses/5.9/bin:/apps/USE/easybuild/staging/2023.1/software/CMake/3.26.3-GCCcore-12.3.0/bin:/apps/USE/easybuild/staging/2023.1/software/libarchive/3.6.2-GCCcore-12.3.0/bin:/apps/USE/easybuild/staging/2023.1/software/XZ/5.4.2-GCCcore-12.3.0/bin:/apps/USE/easybuild/staging/2023.1/software/cURL/8.0.1-GCCcore-12.3.0/bin:/apps/USE/easybuild/staging/2023.1/software/OpenSSL/1.1/bin:/apps/USE/easybuild/staging/2023.1/software/bzip2/1.0.8-GCCcore-12.3.0/bin:/apps/USE/easybuild/staging/2023.1/software/GCCcore/12.3.0/bin:/opt/software/xxl/run:/specific/bin:/apps/installs/software/myquota/0.3.2/bin:/mnt/tier2/users/u101373/.vscode-server/cli/servers/Stable-e170252f762678dec6ca2cc69aba1570769a5d39/server/bin/remote-cli:/home/users/u101373/.local/bin:/home/users/u101373/bin:/usr/local/bin:/usr/bin:/usr/local/sbin:/usr/sbin:/opt/software/xxl/system:/opt/software/xxl/fs
[  6%] To compile manually:
[ 12%] Building CXX object googletest/googletest/CMakeFiles/gtest.dir/src/gtest-all.cc.o
icpx -I/home/users/u101373/CG-FPGA/challenge/include/cg -fsycl -fintelfpga -Wall -fprofile -qactypes -DFPGA_HARDWARE -c ../../challenge/home/users/u101373/CG-FPGA/challenge/src/cgcore/strategy/fpga/Fpga_CG.cpp -o CMakeFiles/fpga.dir/home/users/u101373/CG-FPGA/challenge/src/cgcore/strategy/fpga/Fpga_CG.cpp.o
icpx -I/home/users/u101373/CG-FPGA/challenge/include/cg -fsycl -fintelfpga -Wall -fprofile -qactypes -DFPGA_HARDWARE -c ../../challenge/home/users/u101373/CG-FPGA/challenge/src/cgcore/strategy/sequential/Sequential_CG.cpp -o CMakeFiles/fpga.dir/home/users/u101373/CG-FPGA/challenge/src/cgcore/strategy/sequential/Sequential_CG.cpp.o
icpx -I/home/users/u101373/CG-FPGA/challenge/include/cg -fsycl -fintelfpga -Wall -fprofile -qactypes -DFPGA_HARDWARE -c ../../challenge/home/users/u101373/CG-FPGA/challenge/src/cgcore/timer/Timer.cpp -o CMakeFiles/fpga.dir/home/users/u101373/CG-FPGA/challenge/src/cgcore/timer/Timer.cpp.o
icpx -I/home/users/u101373/CG-FPGA/challenge/include/cg -fsycl -fintelfpga -Wall -fprofile -qactypes -DFPGA_HARDWARE -c ../../challenge/home/users/u101373/CG-FPGA/challenge/src/cgcore/utils/utils.cpp -o CMakeFiles/fpga.dir/home/users/u101373/CG-FPGA/challenge/src/cgcore/utils/utils.cpp.o

To link manually:
icpx -fsycl -fintelfpga -qactypes -Xshardware -Xstarget=p520_hpc_m210h_g3x16 -reuse-exe=/home/users/u101373/CG-FPGA/build_fpga/test/cg_test -o CG_CORE.fpga CMakeFiles/fpga.dir/home/users/u101373/CG-FPGA/challenge/src/cgcore/strategy/fpga/Fpga_CG.cpp.o CMakeFiles/fpga.dir/home/users/u101373/CG-FPGA/challenge/src/cgcore/strategy/sequential/Sequential_CG.cpp.o CMakeFiles/fpga.dir/home/users/u101373/CG-FPGA/challenge/src/cgcore/timer/Timer.cpp.o CMakeFiles/fpga.dir/home/users/u101373/CG-FPGA/challenge/src/cgcore/utils/utils.cpp.o
[ 12%] Built target displayFPGACompileCommands
[ 25%] Building CXX object challenge/CMakeFiles/fpga.dir/src/cgcore/strategy/sequential/Sequential_CG.cpp.o
[ 31%] Building CXX object challenge/CMakeFiles/fpga.dir/src/cgcore/strategy/fpga/Fpga_CG.cpp.o
[ 37%] Building CXX object challenge/CMakeFiles/fpga.dir/src/cgcore/timer/Timer.cpp.o
[ 37%] Building CXX object challenge/CMakeFiles/fpga.dir/src/cgcore/utils/utils.cpp.o
[ 43%] Linking CXX static library ../../lib/libgtest.a
[ 43%] Built target gtest
[ 50%] Building CXX object googletest/googlemock/CMakeFiles/gmock.dir/src/gmock-all.cc.o
[ 56%] Building CXX object googletest/googletest/CMakeFiles/gtest_main.dir/src/gtest_main.cc.o
[ 62%] Linking CXX static library ../../lib/libgtest_main.a
[ 62%] Built target gtest_main
[ 68%] Linking CXX shared library ../libCG_CORE.fpga.so
[ 75%] Linking CXX static library ../../lib/libgmock.a
[ 75%] Built target gmock
[ 81%] Building CXX object googletest/googlemock/CMakeFiles/gmock_main.dir/src/gmock_main.cc.o
[ 87%] Linking CXX static library ../../lib/libgmock_main.a
[ 87%] Built target gmock_main
warning: -reuse-exe file '/home/users/u101373/CG-FPGA/build_fpga/test/cg_test' not found; ignored
Fpga_CG.cpp:78: Compiler Warning: Memory instruction with unresolved pointer may lead to bad QoR.
Fpga_CG.cpp:119: Compiler Warning: Memory instruction with unresolved pointer may lead to bad QoR.
Fpga_CG.cpp:161: Compiler Warning: Memory instruction with unresolved pointer may lead to bad QoR.
aoc: Compiling for FPGA. This process may take several hours to complete.  Prior to performing this compile, be sure to check the reports to ensure the design will meet your performance targets.  If the reports indicate performance targets are not being met, code edits may be required.  Please refer to the oneAPI FPGA Optimization Guide for information on performance tuning applications for FPGAs.
