/apps/USE/easybuild/staging/2023.1/software/intel-compilers/2023.1.0/compiler/2023.1.0/linux/lib/oclfpga/bin:/apps/USE/easybuild/staging/2023.1/software/impi/2021.9.0-intel-compilers-2023.1.0/mpi/2021.9.0/libfabric/bin:/apps/USE/easybuild/staging/2023.1/software/impi/2021.9.0-intel-compilers-2023.1.0/mpi/2021.9.0/bin:/apps/USE/easybuild/staging/2023.1/software/OpenMPI/5.0.0-GCC-12.3.0/bin:/apps/USE/easybuild/staging/2023.1/software/UCC/1.2.0-GCCcore-12.3.0/bin:/apps/USE/easybuild/staging/2023.1/software/PMIx/4.2.6-GCCcore-12.3.0/bin:/apps/USE/easybuild/staging/2023.1/software/libfabric/1.18.0-GCCcore-12.3.0/bin:/apps/USE/easybuild/staging/2023.1/software/UCX/1.14.1-GCCcore-12.3.0/bin:/apps/USE/easybuild/staging/2023.1/software/libevent/2.1.12-GCCcore-12.3.0/bin:/apps/USE/easybuild/staging/2023.1/software/hwloc/2.9.1-GCCcore-12.3.0/sbin:/apps/USE/easybuild/staging/2023.1/software/hwloc/2.9.1-GCCcore-12.3.0/bin:/apps/USE/easybuild/staging/2023.1/software/libxml2/2.11.4-GCCcore-12.3.0/bin:/apps/USE/easybuild/staging/2023.1/software/numactl/2.0.16-GCCcore-12.3.0/bin:/apps/USE/easybuild/staging/2023.1/software/intel-compilers/2023.1.0/compiler/2023.1.0/linux/bin/intel64:/apps/USE/easybuild/staging/2023.1/software/intel-compilers/2023.1.0/compiler/2023.1.0/linux/bin:/apps/USE/easybuild/staging/2023.1/software/binutils/2.40-GCCcore-12.3.0/bin:/apps/USE/easybuild/staging/2023.1/software/ifpgasdk/20.4:/apps/USE/easybuild/staging/2023.1/software/ifpgasdk/20.4/qsys/bin:/apps/USE/easybuild/staging/2023.1/software/ifpgasdk/20.4/nios2eds/bin/gnu/H-x86_64-pc-linux-gnu/bin:/apps/USE/easybuild/staging/2023.1/software/ifpgasdk/20.4/nios2eds/bin:/apps/USE/easybuild/staging/2023.1/software/ifpgasdk/20.4/quartus/sopc_builder/bin:/apps/USE/easybuild/staging/2023.1/software/ifpgasdk/20.4/quartus/bin:/apps/USE/easybuild/staging/2023.1/software/ncurses/5.9/bin:/apps/USE/easybuild/staging/2023.1/software/CMake/3.26.3-GCCcore-12.3.0/bin:/apps/USE/easybuild/staging/2023.1/software/libarchive/3.6.2-GCCcore-12.3.0/bin:/apps/USE/easybuild/staging/2023.1/software/XZ/5.4.2-GCCcore-12.3.0/bin:/apps/USE/easybuild/staging/2023.1/software/cURL/8.0.1-GCCcore-12.3.0/bin:/apps/USE/easybuild/staging/2023.1/software/OpenSSL/1.1/bin:/apps/USE/easybuild/staging/2023.1/software/bzip2/1.0.8-GCCcore-12.3.0/bin:/apps/USE/easybuild/staging/2023.1/software/GCCcore/12.3.0/bin:/opt/software/xxl/run:/specific/bin:/apps/installs/software/myquota/0.3.2/bin:/mnt/tier2/users/u101373/.vscode-server/cli/servers/Stable-e170252f762678dec6ca2cc69aba1570769a5d39/server/bin/remote-cli:/home/users/u101373/.local/bin:/home/users/u101373/bin:/usr/local/bin:/usr/bin:/usr/local/sbin:/usr/sbin:/opt/software/xxl/system:/opt/software/xxl/fs
[ 12%] To compile manually:
/apps/USE/easybuild/staging/2023.1/software/intel-compilers/2023.1.0/compiler/2023.1.0/linux/bin/icpx -I/home/users/u101373/CG-FPGA/fpga_template/include -fsycl -fintelfpga -Wall -qactypes -DFPGA_HARDWARE -c ../home/users/u101373/CG-FPGA/fpga_template/src/Timer.cpp -o CMakeFiles/fpga.dir/home/users/u101373/CG-FPGA/fpga_template/src/Timer.cpp.o
/apps/USE/easybuild/staging/2023.1/software/intel-compilers/2023.1.0/compiler/2023.1.0/linux/bin/icpx -I/home/users/u101373/CG-FPGA/fpga_template/include -fsycl -fintelfpga -Wall -qactypes -DFPGA_HARDWARE -c ../home/users/u101373/CG-FPGA/fpga_template/src/device_code.cpp -o CMakeFiles/fpga.dir/home/users/u101373/CG-FPGA/fpga_template/src/device_code.cpp.o
/apps/USE/easybuild/staging/2023.1/software/intel-compilers/2023.1.0/compiler/2023.1.0/linux/bin/icpx -I/home/users/u101373/CG-FPGA/fpga_template/include -fsycl -fintelfpga -Wall -qactypes -DFPGA_HARDWARE -c ../home/users/u101373/CG-FPGA/fpga_template/src/host_code.cpp -o CMakeFiles/fpga.dir/home/users/u101373/CG-FPGA/fpga_template/src/host_code.cpp.o
/apps/USE/easybuild/staging/2023.1/software/intel-compilers/2023.1.0/compiler/2023.1.0/linux/bin/icpx -I/home/users/u101373/CG-FPGA/fpga_template/include -fsycl -fintelfpga -Wall -qactypes -DFPGA_HARDWARE -c ../home/users/u101373/CG-FPGA/fpga_template/src/main.cpp -o CMakeFiles/fpga.dir/home/users/u101373/CG-FPGA/fpga_template/src/main.cpp.o
/apps/USE/easybuild/staging/2023.1/software/intel-compilers/2023.1.0/compiler/2023.1.0/linux/bin/icpx -I/home/users/u101373/CG-FPGA/fpga_template/include -fsycl -fintelfpga -Wall -qactypes -DFPGA_HARDWARE -c ../home/users/u101373/CG-FPGA/fpga_template/src/sequential.cpp -o CMakeFiles/fpga.dir/home/users/u101373/CG-FPGA/fpga_template/src/sequential.cpp.o
/apps/USE/easybuild/staging/2023.1/software/intel-compilers/2023.1.0/compiler/2023.1.0/linux/bin/icpx -I/home/users/u101373/CG-FPGA/fpga_template/include -fsycl -fintelfpga -Wall -qactypes -DFPGA_HARDWARE -c ../home/users/u101373/CG-FPGA/fpga_template/src/utils.cpp -o CMakeFiles/fpga.dir/home/users/u101373/CG-FPGA/fpga_template/src/utils.cpp.o

To link manually:
/apps/USE/easybuild/staging/2023.1/software/intel-compilers/2023.1.0/compiler/2023.1.0/linux/bin/icpx -fsycl -fintelfpga -qactypes -Xshardware -Xstarget=p520_hpc_m210h_g3x16 -reuse-exe=/home/users/u101373/CG-FPGA/fpga_template/build_opt_buffers/cg_simple.fpga -o cg_simple.fpga CMakeFiles/fpga.dir/home/users/u101373/CG-FPGA/fpga_template/src/Timer.cpp.o CMakeFiles/fpga.dir/home/users/u101373/CG-FPGA/fpga_template/src/device_code.cpp.o CMakeFiles/fpga.dir/home/users/u101373/CG-FPGA/fpga_template/src/host_code.cpp.o CMakeFiles/fpga.dir/home/users/u101373/CG-FPGA/fpga_template/src/main.cpp.o CMakeFiles/fpga.dir/home/users/u101373/CG-FPGA/fpga_template/src/sequential.cpp.o CMakeFiles/fpga.dir/home/users/u101373/CG-FPGA/fpga_template/src/utils.cpp.o
[ 12%] Built target displayFPGACompileCommands
[ 25%] Building CXX object CMakeFiles/fpga.dir/src/Timer.cpp.o
[ 37%] Building CXX object CMakeFiles/fpga.dir/src/device_code.cpp.o
[ 50%] Building CXX object CMakeFiles/fpga.dir/src/host_code.cpp.o
[ 62%] Building CXX object CMakeFiles/fpga.dir/src/main.cpp.o
[ 75%] Building CXX object CMakeFiles/fpga.dir/src/sequential.cpp.o
[ 87%] Building CXX object CMakeFiles/fpga.dir/src/utils.cpp.o
[100%] Linking CXX executable cg_simple.fpga
warning: -reuse-exe file '/home/users/u101373/CG-FPGA/fpga_template/build_opt_buffers/cg_simple.fpga' not found; ignored
aoc: Compiling for FPGA. This process may take several hours to complete.  Prior to performing this compile, be sure to check the reports to ensure the design will meet your performance targets.  If the reports indicate performance targets are not being met, code edits may be required.  Please refer to the oneAPI FPGA Optimization Guide for information on performance tuning applications for FPGAs.
[100%] Built target fpga

real	492m45.703s
user	2445m25.609s
sys	183m28.653s
