N: 5000
0.854213
0.489589
0.47781
0.486406
0.480377
0.477298
0.480533
0.485072
0.486122
0.490525
0.500081
0.484689
0.489321
0.485383
0.768405
0.583035
0.758719
0.492692
0.481983
0.476798
0.479787
0.480449
0.478445
0.478112
0.478222
0.479106
0.480585
0.484647
0.631512
0.491613error: *** job 1074589 CANCELLED DUE TO TIME LIMIT ***
error: *** step 1074589:0 CANCELLED DUE TO TIME LIMIT ***
srun: Job step aborted: Waiting up to 32 seconds for job step to finish.
9.32644 s10.4714 s10.4714 s10.5601 s10.6489 s10.5601 s10.4983 s10.6557 s9.7119 s9.71261 ssrun: error: mel3011: tasks 8-9: Terminated
srun: error: mel3018: tasks 12-13: Terminated
srun: error: mel3019: tasks 14-15: Terminated
srun: error: mel3012: tasks 10-11: Terminated
srun: error: mel3008: tasks 6-7: Terminated
srun: error: mel3003: tasks 2-3: Terminated
srun: error: mel3007: tasks 4-5: Terminated
10.3712 ssrun: error: mel3002: tasks 0-1: Terminated
