N: 5000
0.927163
0.829588
0.824728
0.820411
0.834807
0.83086
0.827001
0.834274
0.833131
0.837854
0.896192
0.843504
0.838248
0.826437
0.822851
0.828921
0.829335
0.829043
0.831325
0.843052
0.837318
0.841766
1.12791
0.850107
0.827469
0.853977
0.829911
0.822938
0.820068
0.824958error: *** job 1074588 CANCELLED DUE TO TIME LIMIT ***
error: *** step 1074588:0 CANCELLED DUE TO TIME LIMIT ***
srun: Job step aborted: Waiting up to 32 seconds for job step to finish.
10.2723 s10.2609 s10.2603 ssrun: error: mel3014: tasks 2-3: Terminated
srun: error: mel3016: tasks 4-5: Terminated
10.2382 ssrun: error: mel3010: tasks 0-1: Terminated
